<?xml version="1.0" encoding="UTF-8"?>
<testng-results ignored="0" total="6" passed="6" failed="0" skipped="0">
  <reporter-output>
  </reporter-output>
  <suite started-at="2020-01-11T22:39:37 PET" name="InetBankingV1" finished-at="2020-01-11T22:40:57 PET" duration-ms="79783">
    <groups>
    </groups>
    <test started-at="2020-01-11T22:39:37 PET" name="BankingApp Test" finished-at="2020-01-11T22:40:57 PET" duration-ms="79783">
      <class name="com.inetbanking.testCases.TC_LoginTest_001">
        <test-method is-config="true" signature="setup(java.lang.String)[pri:0, instance:com.inetbanking.testCases.TC_LoginTest_001@4b53f538]" started-at="2020-01-11T22:39:38 PET" name="setup" finished-at="2020-01-11T22:39:43 PET" duration-ms="5720" status="PASS">
          <params>
            <param index="0">
              <value>
                <![CDATA[chrome]]>
              </value>
            </param>
          </params>
          <reporter-output>
          </reporter-output>
        </test-method> <!-- setup -->
        <test-method signature="loginTest()[pri:0, instance:com.inetbanking.testCases.TC_LoginTest_001@4b53f538]" started-at="2020-01-11T22:39:43 PET" name="loginTest" finished-at="2020-01-11T22:39:45 PET" duration-ms="1618" status="PASS">
          <reporter-output>
          </reporter-output>
        </test-method> <!-- loginTest -->
        <test-method is-config="true" signature="tearDown()[pri:0, instance:com.inetbanking.testCases.TC_LoginTest_001@4b53f538]" started-at="2020-01-11T22:39:45 PET" name="tearDown" finished-at="2020-01-11T22:39:45 PET" duration-ms="121" status="PASS">
          <reporter-output>
          </reporter-output>
        </test-method> <!-- tearDown -->
      </class> <!-- com.inetbanking.testCases.TC_LoginTest_001 -->
      <class name="com.inetbanking.testCases.TC_LoginDDT_002">
        <test-method is-config="true" signature="setup(java.lang.String)[pri:0, instance:com.inetbanking.testCases.TC_LoginDDT_002@134593bf]" started-at="2020-01-11T22:39:45 PET" name="setup" finished-at="2020-01-11T22:39:49 PET" duration-ms="4044" status="PASS">
          <params>
            <param index="0">
              <value>
                <![CDATA[chrome]]>
              </value>
            </param>
          </params>
          <reporter-output>
          </reporter-output>
        </test-method> <!-- setup -->
        <test-method signature="loginDDT(java.lang.String, java.lang.String)[pri:0, instance:com.inetbanking.testCases.TC_LoginDDT_002@134593bf]" started-at="2020-01-11T22:39:50 PET" name="loginDDT" data-provider="LoginData" finished-at="2020-01-11T22:40:00 PET" duration-ms="10071" status="PASS">
          <params>
            <param index="0">
              <value>
                <![CDATA[mngr241040]]>
              </value>
            </param>
            <param index="1">
              <value>
                <![CDATA[AbUrUnA]]>
              </value>
            </param>
          </params>
          <reporter-output>
          </reporter-output>
        </test-method> <!-- loginDDT -->
        <test-method signature="loginDDT(java.lang.String, java.lang.String)[pri:0, instance:com.inetbanking.testCases.TC_LoginDDT_002@134593bf]" started-at="2020-01-11T22:40:00 PET" name="loginDDT" data-provider="LoginData" finished-at="2020-01-11T22:40:09 PET" duration-ms="9586" status="PASS">
          <params>
            <param index="0">
              <value>
                <![CDATA[mngr241041]]>
              </value>
            </param>
            <param index="1">
              <value>
                <![CDATA[vUmejEv]]>
              </value>
            </param>
          </params>
          <reporter-output>
          </reporter-output>
        </test-method> <!-- loginDDT -->
        <test-method signature="loginDDT(java.lang.String, java.lang.String)[pri:0, instance:com.inetbanking.testCases.TC_LoginDDT_002@134593bf]" started-at="2020-01-11T22:40:09 PET" name="loginDDT" data-provider="LoginData" finished-at="2020-01-11T22:40:19 PET" duration-ms="9996" status="PASS">
          <params>
            <param index="0">
              <value>
                <![CDATA[mngr241042]]>
              </value>
            </param>
            <param index="1">
              <value>
                <![CDATA[yjYbumE]]>
              </value>
            </param>
          </params>
          <reporter-output>
          </reporter-output>
        </test-method> <!-- loginDDT -->
        <test-method signature="loginDDT(java.lang.String, java.lang.String)[pri:0, instance:com.inetbanking.testCases.TC_LoginDDT_002@134593bf]" started-at="2020-01-11T22:40:19 PET" name="loginDDT" data-provider="LoginData" finished-at="2020-01-11T22:40:30 PET" duration-ms="10155" status="PASS">
          <params>
            <param index="0">
              <value>
                <![CDATA[mngr241043]]>
              </value>
            </param>
            <param index="1">
              <value>
                <![CDATA[UzAzUpE]]>
              </value>
            </param>
          </params>
          <reporter-output>
          </reporter-output>
        </test-method> <!-- loginDDT -->
        <test-method is-config="true" signature="tearDown()[pri:0, instance:com.inetbanking.testCases.TC_LoginDDT_002@134593bf]" started-at="2020-01-11T22:40:30 PET" name="tearDown" finished-at="2020-01-11T22:40:30 PET" duration-ms="114" status="PASS">
          <reporter-output>
          </reporter-output>
        </test-method> <!-- tearDown -->
      </class> <!-- com.inetbanking.testCases.TC_LoginDDT_002 -->
      <class name="com.inetbanking.testCases.TC_AddCustomerTest_003">
        <test-method is-config="true" signature="setup(java.lang.String)[pri:0, instance:com.inetbanking.testCases.TC_AddCustomerTest_003@4bb4de6a]" started-at="2020-01-11T22:40:30 PET" name="setup" finished-at="2020-01-11T22:40:36 PET" duration-ms="6647" status="PASS">
          <params>
            <param index="0">
              <value>
                <![CDATA[chrome]]>
              </value>
            </param>
          </params>
          <reporter-output>
          </reporter-output>
        </test-method> <!-- setup -->
        <test-method signature="addNewCustomer()[pri:0, instance:com.inetbanking.testCases.TC_AddCustomerTest_003@4bb4de6a]" started-at="2020-01-11T22:40:36 PET" name="addNewCustomer" finished-at="2020-01-11T22:40:57 PET" duration-ms="20732" status="PASS">
          <reporter-output>
          </reporter-output>
        </test-method> <!-- addNewCustomer -->
        <test-method is-config="true" signature="tearDown()[pri:0, instance:com.inetbanking.testCases.TC_AddCustomerTest_003@4bb4de6a]" started-at="2020-01-11T22:40:57 PET" name="tearDown" finished-at="2020-01-11T22:40:57 PET" duration-ms="127" status="PASS">
          <reporter-output>
          </reporter-output>
        </test-method> <!-- tearDown -->
      </class> <!-- com.inetbanking.testCases.TC_AddCustomerTest_003 -->
    </test> <!-- BankingApp Test -->
  </suite> <!-- InetBankingV1 -->
</testng-results>
